2021-06-16 10:05:20.502  INFO 1720 --- [restartedMain] c.a.s.generador.GeneradorApplication     : Starting GeneradorApplication using Java 15.0.2 on ASW4622 with PID 1720 (C:\Users\smmorales\Documents\workspace\generador\target\classes started by smmorales in C:\Users\smmorales\Documents\workspace\generador)
2021-06-16 10:05:20.507  INFO 1720 --- [restartedMain] c.a.s.generador.GeneradorApplication     : No active profile set, falling back to default profiles: default
2021-06-16 10:05:20.555  INFO 1720 --- [restartedMain] .e.DevToolsPropertyDefaultsPostProcessor : Devtools property defaults active! Set 'spring.devtools.add-properties' to 'false' to disable
2021-06-16 10:05:20.555  INFO 1720 --- [restartedMain] .e.DevToolsPropertyDefaultsPostProcessor : For additional web related logging consider setting the 'logging.level.web' property to 'DEBUG'
2021-06-16 10:05:21.218  INFO 1720 --- [restartedMain] .s.d.r.c.RepositoryConfigurationDelegate : Bootstrapping Spring Data JPA repositories in DEFAULT mode.
2021-06-16 10:05:21.301  INFO 1720 --- [restartedMain] .s.d.r.c.RepositoryConfigurationDelegate : Finished Spring Data repository scanning in 73 ms. Found 2 JPA repository interfaces.
2021-06-16 10:05:21.918  INFO 1720 --- [restartedMain] o.s.b.w.embedded.tomcat.TomcatWebServer  : Tomcat initialized with port(s): 9003 (http)
2021-06-16 10:05:21.931  INFO 1720 --- [restartedMain] o.apache.catalina.core.StandardService   : Starting service [Tomcat]
2021-06-16 10:05:21.932  INFO 1720 --- [restartedMain] org.apache.catalina.core.StandardEngine  : Starting Servlet engine: [Apache Tomcat/9.0.46]
2021-06-16 10:05:22.033  INFO 1720 --- [restartedMain] o.a.c.c.C.[Tomcat].[localhost].[/]       : Initializing Spring embedded WebApplicationContext
2021-06-16 10:05:22.033  INFO 1720 --- [restartedMain] w.s.c.ServletWebServerApplicationContext : Root WebApplicationContext: initialization completed in 1477 ms
2021-06-16 10:05:22.165  INFO 1720 --- [restartedMain] com.zaxxer.hikari.HikariDataSource       : HikariPool-1 - Starting...
2021-06-16 10:05:22.328  INFO 1720 --- [restartedMain] com.zaxxer.hikari.HikariDataSource       : HikariPool-1 - Start completed.
2021-06-16 10:05:22.378  INFO 1720 --- [restartedMain] o.hibernate.jpa.internal.util.LogHelper  : HHH000204: Processing PersistenceUnitInfo [name: default]
2021-06-16 10:05:22.432  INFO 1720 --- [restartedMain] org.hibernate.Version                    : HHH000412: Hibernate ORM core version 5.4.31.Final
2021-06-16 10:05:22.603  INFO 1720 --- [restartedMain] o.hibernate.annotations.common.Version   : HCANN000001: Hibernate Commons Annotations {5.1.2.Final}
2021-06-16 10:05:22.726  INFO 1720 --- [restartedMain] org.hibernate.dialect.Dialect            : HHH000400: Using dialect: org.hibernate.dialect.MySQL55Dialect
2021-06-16 10:05:22.856 ERROR 1720 --- [restartedMain] j.LocalContainerEntityManagerFactoryBean : Failed to initialize JPA EntityManagerFactory: @Temporal should only be set on a java.util.Date or java.util.Calendar property: com.asesoftware.semilla.generador.entity.ArchivoEntity.hora
2021-06-16 10:05:22.857  WARN 1720 --- [restartedMain] ConfigServletWebServerApplicationContext : Exception encountered during context initialization - cancelling refresh attempt: org.springframework.beans.factory.BeanCreationException: Error creating bean with name 'entityManagerFactory' defined in class path resource [org/springframework/boot/autoconfigure/orm/jpa/HibernateJpaConfiguration.class]: Invocation of init method failed; nested exception is org.hibernate.AnnotationException: @Temporal should only be set on a java.util.Date or java.util.Calendar property: com.asesoftware.semilla.generador.entity.ArchivoEntity.hora
2021-06-16 10:05:22.858  INFO 1720 --- [restartedMain] com.zaxxer.hikari.HikariDataSource       : HikariPool-1 - Shutdown initiated...
2021-06-16 10:05:22.864  INFO 1720 --- [restartedMain] com.zaxxer.hikari.HikariDataSource       : HikariPool-1 - Shutdown completed.
2021-06-16 10:05:22.867  INFO 1720 --- [restartedMain] o.apache.catalina.core.StandardService   : Stopping service [Tomcat]
2021-06-16 10:05:22.877  INFO 1720 --- [restartedMain] ConditionEvaluationReportLoggingListener : 

Error starting ApplicationContext. To display the conditions report re-run your application with 'debug' enabled.
2021-06-16 10:05:22.900 ERROR 1720 --- [restartedMain] o.s.boot.SpringApplication               : Application run failed

org.springframework.beans.factory.BeanCreationException: Error creating bean with name 'entityManagerFactory' defined in class path resource [org/springframework/boot/autoconfigure/orm/jpa/HibernateJpaConfiguration.class]: Invocation of init method failed; nested exception is org.hibernate.AnnotationException: @Temporal should only be set on a java.util.Date or java.util.Calendar property: com.asesoftware.semilla.generador.entity.ArchivoEntity.hora
	at org.springframework.beans.factory.support.AbstractAutowireCapableBeanFactory.initializeBean(AbstractAutowireCapableBeanFactory.java:1786) ~[spring-beans-5.3.7.jar:5.3.7]
	at org.springframework.beans.factory.support.AbstractAutowireCapableBeanFactory.doCreateBean(AbstractAutowireCapableBeanFactory.java:602) ~[spring-beans-5.3.7.jar:5.3.7]
	at org.springframework.beans.factory.support.AbstractAutowireCapableBeanFactory.createBean(AbstractAutowireCapableBeanFactory.java:524) ~[spring-beans-5.3.7.jar:5.3.7]
	at org.springframework.beans.factory.support.AbstractBeanFactory.lambda$doGetBean$0(AbstractBeanFactory.java:335) ~[spring-beans-5.3.7.jar:5.3.7]
	at org.springframework.beans.factory.support.DefaultSingletonBeanRegistry.getSingleton(DefaultSingletonBeanRegistry.java:234) ~[spring-beans-5.3.7.jar:5.3.7]
	at org.springframework.beans.factory.support.AbstractBeanFactory.doGetBean(AbstractBeanFactory.java:333) ~[spring-beans-5.3.7.jar:5.3.7]
	at org.springframework.beans.factory.support.AbstractBeanFactory.getBean(AbstractBeanFactory.java:208) ~[spring-beans-5.3.7.jar:5.3.7]
	at org.springframework.context.support.AbstractApplicationContext.getBean(AbstractApplicationContext.java:1154) ~[spring-context-5.3.7.jar:5.3.7]
	at org.springframework.context.support.AbstractApplicationContext.finishBeanFactoryInitialization(AbstractApplicationContext.java:908) ~[spring-context-5.3.7.jar:5.3.7]
	at org.springframework.context.support.AbstractApplicationContext.refresh(AbstractApplicationContext.java:583) ~[spring-context-5.3.7.jar:5.3.7]
	at org.springframework.boot.web.servlet.context.ServletWebServerApplicationContext.refresh(ServletWebServerApplicationContext.java:145) ~[spring-boot-2.5.0.jar:2.5.0]
	at org.springframework.boot.SpringApplication.refresh(SpringApplication.java:758) ~[spring-boot-2.5.0.jar:2.5.0]
	at org.springframework.boot.SpringApplication.refreshContext(SpringApplication.java:438) ~[spring-boot-2.5.0.jar:2.5.0]
	at org.springframework.boot.SpringApplication.run(SpringApplication.java:337) ~[spring-boot-2.5.0.jar:2.5.0]
	at org.springframework.boot.SpringApplication.run(SpringApplication.java:1336) ~[spring-boot-2.5.0.jar:2.5.0]
	at org.springframework.boot.SpringApplication.run(SpringApplication.java:1325) ~[spring-boot-2.5.0.jar:2.5.0]
	at com.asesoftware.semilla.generador.GeneradorApplication.main(GeneradorApplication.java:10) ~[classes/:na]
	at java.base/jdk.internal.reflect.NativeMethodAccessorImpl.invoke0(Native Method) ~[na:na]
	at java.base/jdk.internal.reflect.NativeMethodAccessorImpl.invoke(NativeMethodAccessorImpl.java:64) ~[na:na]
	at java.base/jdk.internal.reflect.DelegatingMethodAccessorImpl.invoke(DelegatingMethodAccessorImpl.java:43) ~[na:na]
	at java.base/java.lang.reflect.Method.invoke(Method.java:564) ~[na:na]
	at org.springframework.boot.devtools.restart.RestartLauncher.run(RestartLauncher.java:49) ~[spring-boot-devtools-2.5.0.jar:2.5.0]
Caused by: org.hibernate.AnnotationException: @Temporal should only be set on a java.util.Date or java.util.Calendar property: com.asesoftware.semilla.generador.entity.ArchivoEntity.hora
	at org.hibernate.cfg.annotations.SimpleValueBinder.setType(SimpleValueBinder.java:188) ~[hibernate-core-5.4.31.Final.jar:5.4.31.Final]
	at org.hibernate.cfg.annotations.PropertyBinder.makePropertyAndValue(PropertyBinder.java:185) ~[hibernate-core-5.4.31.Final.jar:5.4.31.Final]
	at org.hibernate.cfg.annotations.PropertyBinder.makePropertyValueAndBind(PropertyBinder.java:205) ~[hibernate-core-5.4.31.Final.jar:5.4.31.Final]
	at org.hibernate.cfg.AnnotationBinder.processElementAnnotations(AnnotationBinder.java:2299) ~[hibernate-core-5.4.31.Final.jar:5.4.31.Final]
	at org.hibernate.cfg.AnnotationBinder.processIdPropertiesIfNotAlready(AnnotationBinder.java:979) ~[hibernate-core-5.4.31.Final.jar:5.4.31.Final]
	at org.hibernate.cfg.AnnotationBinder.bindClass(AnnotationBinder.java:806) ~[hibernate-core-5.4.31.Final.jar:5.4.31.Final]
	at org.hibernate.boot.model.source.internal.annotations.AnnotationMetadataSourceProcessorImpl.processEntityHierarchies(AnnotationMetadataSourceProcessorImpl.java:248) ~[hibernate-core-5.4.31.Final.jar:5.4.31.Final]
	at org.hibernate.boot.model.process.spi.MetadataBuildingProcess$1.processEntityHierarchies(MetadataBuildingProcess.java:239) ~[hibernate-core-5.4.31.Final.jar:5.4.31.Final]
	at org.hibernate.boot.model.process.spi.MetadataBuildingProcess.complete(MetadataBuildingProcess.java:282) ~[hibernate-core-5.4.31.Final.jar:5.4.31.Final]
	at org.hibernate.jpa.boot.internal.EntityManagerFactoryBuilderImpl.metadata(EntityManagerFactoryBuilderImpl.java:1224) ~[hibernate-core-5.4.31.Final.jar:5.4.31.Final]
	at org.hibernate.jpa.boot.internal.EntityManagerFactoryBuilderImpl.build(EntityManagerFactoryBuilderImpl.java:1255) ~[hibernate-core-5.4.31.Final.jar:5.4.31.Final]
	at org.springframework.orm.jpa.vendor.SpringHibernateJpaPersistenceProvider.createContainerEntityManagerFactory(SpringHibernateJpaPersistenceProvider.java:58) ~[spring-orm-5.3.7.jar:5.3.7]
	at org.springframework.orm.jpa.LocalContainerEntityManagerFactoryBean.createNativeEntityManagerFactory(LocalContainerEntityManagerFactoryBean.java:365) ~[spring-orm-5.3.7.jar:5.3.7]
	at org.springframework.orm.jpa.AbstractEntityManagerFactoryBean.buildNativeEntityManagerFactory(AbstractEntityManagerFactoryBean.java:409) ~[spring-orm-5.3.7.jar:5.3.7]
	at org.springframework.orm.jpa.AbstractEntityManagerFactoryBean.afterPropertiesSet(AbstractEntityManagerFactoryBean.java:396) ~[spring-orm-5.3.7.jar:5.3.7]
	at org.springframework.orm.jpa.LocalContainerEntityManagerFactoryBean.afterPropertiesSet(LocalContainerEntityManagerFactoryBean.java:341) ~[spring-orm-5.3.7.jar:5.3.7]
	at org.springframework.beans.factory.support.AbstractAutowireCapableBeanFactory.invokeInitMethods(AbstractAutowireCapableBeanFactory.java:1845) ~[spring-beans-5.3.7.jar:5.3.7]
	at org.springframework.beans.factory.support.AbstractAutowireCapableBeanFactory.initializeBean(AbstractAutowireCapableBeanFactory.java:1782) ~[spring-beans-5.3.7.jar:5.3.7]
	... 21 common frames omitted

2021-06-16 10:08:41.261  INFO 18264 --- [restartedMain] c.a.s.generador.GeneradorApplication     : Starting GeneradorApplication using Java 15.0.2 on ASW4622 with PID 18264 (C:\Users\smmorales\Documents\workspace\generador\target\classes started by smmorales in C:\Users\smmorales\Documents\workspace\generador)
2021-06-16 10:08:41.264  INFO 18264 --- [restartedMain] c.a.s.generador.GeneradorApplication     : No active profile set, falling back to default profiles: default
2021-06-16 10:08:41.302  INFO 18264 --- [restartedMain] .e.DevToolsPropertyDefaultsPostProcessor : Devtools property defaults active! Set 'spring.devtools.add-properties' to 'false' to disable
2021-06-16 10:08:41.302  INFO 18264 --- [restartedMain] .e.DevToolsPropertyDefaultsPostProcessor : For additional web related logging consider setting the 'logging.level.web' property to 'DEBUG'
2021-06-16 10:08:41.868  INFO 18264 --- [restartedMain] .s.d.r.c.RepositoryConfigurationDelegate : Bootstrapping Spring Data JPA repositories in DEFAULT mode.
2021-06-16 10:08:41.930  INFO 18264 --- [restartedMain] .s.d.r.c.RepositoryConfigurationDelegate : Finished Spring Data repository scanning in 52 ms. Found 2 JPA repository interfaces.
2021-06-16 10:08:42.470  INFO 18264 --- [restartedMain] o.s.b.w.embedded.tomcat.TomcatWebServer  : Tomcat initialized with port(s): 9003 (http)
2021-06-16 10:08:42.491  INFO 18264 --- [restartedMain] o.apache.catalina.core.StandardService   : Starting service [Tomcat]
2021-06-16 10:08:42.492  INFO 18264 --- [restartedMain] org.apache.catalina.core.StandardEngine  : Starting Servlet engine: [Apache Tomcat/9.0.46]
2021-06-16 10:08:42.588  INFO 18264 --- [restartedMain] o.a.c.c.C.[Tomcat].[localhost].[/]       : Initializing Spring embedded WebApplicationContext
2021-06-16 10:08:42.588  INFO 18264 --- [restartedMain] w.s.c.ServletWebServerApplicationContext : Root WebApplicationContext: initialization completed in 1285 ms
2021-06-16 10:08:42.717  INFO 18264 --- [restartedMain] com.zaxxer.hikari.HikariDataSource       : HikariPool-1 - Starting...
2021-06-16 10:08:42.918  INFO 18264 --- [restartedMain] com.zaxxer.hikari.HikariDataSource       : HikariPool-1 - Start completed.
2021-06-16 10:08:42.994  INFO 18264 --- [restartedMain] o.hibernate.jpa.internal.util.LogHelper  : HHH000204: Processing PersistenceUnitInfo [name: default]
2021-06-16 10:08:43.040  INFO 18264 --- [restartedMain] org.hibernate.Version                    : HHH000412: Hibernate ORM core version 5.4.31.Final
2021-06-16 10:08:43.171  INFO 18264 --- [restartedMain] o.hibernate.annotations.common.Version   : HCANN000001: Hibernate Commons Annotations {5.1.2.Final}
2021-06-16 10:08:43.284  INFO 18264 --- [restartedMain] org.hibernate.dialect.Dialect            : HHH000400: Using dialect: org.hibernate.dialect.MySQL55Dialect
2021-06-16 10:08:43.927  INFO 18264 --- [restartedMain] o.h.e.t.j.p.i.JtaPlatformInitiator       : HHH000490: Using JtaPlatform implementation: [org.hibernate.engine.transaction.jta.platform.internal.NoJtaPlatform]
2021-06-16 10:08:43.935  INFO 18264 --- [restartedMain] j.LocalContainerEntityManagerFactoryBean : Initialized JPA EntityManagerFactory for persistence unit 'default'
2021-06-16 10:08:44.396  WARN 18264 --- [restartedMain] JpaBaseConfiguration$JpaWebConfiguration : spring.jpa.open-in-view is enabled by default. Therefore, database queries may be performed during view rendering. Explicitly configure spring.jpa.open-in-view to disable this warning
2021-06-16 10:08:44.788  INFO 18264 --- [restartedMain] o.s.b.d.a.OptionalLiveReloadServer       : LiveReload server is running on port 35729
2021-06-16 10:08:44.823  INFO 18264 --- [restartedMain] o.s.b.w.embedded.tomcat.TomcatWebServer  : Tomcat started on port(s): 9003 (http) with context path ''
2021-06-16 10:08:44.832  INFO 18264 --- [restartedMain] c.a.s.generador.GeneradorApplication     : Started GeneradorApplication in 4.056 seconds (JVM running for 5.099)
2021-06-16 10:08:44.834  INFO 18264 --- [restartedMain] o.s.b.a.ApplicationAvailabilityBean      : Application availability state LivenessState changed to CORRECT
2021-06-16 10:08:44.836  INFO 18264 --- [restartedMain] o.s.b.a.ApplicationAvailabilityBean      : Application availability state ReadinessState changed to ACCEPTING_TRAFFIC
2021-06-16 10:09:05.482  INFO 18264 --- [http-nio-9003-exec-1] o.a.c.c.C.[Tomcat].[localhost].[/]       : Initializing Spring DispatcherServlet 'dispatcherServlet'
2021-06-16 10:09:05.483  INFO 18264 --- [http-nio-9003-exec-1] o.s.web.servlet.DispatcherServlet        : Initializing Servlet 'dispatcherServlet'
2021-06-16 10:09:05.485  INFO 18264 --- [http-nio-9003-exec-1] o.s.web.servlet.DispatcherServlet        : Completed initialization in 2 ms
2021-06-16 10:13:21.721  INFO 18264 --- [Thread-6] o.s.b.a.ApplicationAvailabilityBean      : Application availability state ReadinessState changed from ACCEPTING_TRAFFIC to REFUSING_TRAFFIC
2021-06-16 10:13:21.790  INFO 18264 --- [Thread-6] j.LocalContainerEntityManagerFactoryBean : Closing JPA EntityManagerFactory for persistence unit 'default'
2021-06-16 10:13:21.799  INFO 18264 --- [Thread-6] com.zaxxer.hikari.HikariDataSource       : HikariPool-1 - Shutdown initiated...
2021-06-16 10:13:21.819  INFO 18264 --- [Thread-6] com.zaxxer.hikari.HikariDataSource       : HikariPool-1 - Shutdown completed.
2021-06-16 10:13:22.033  INFO 18264 --- [restartedMain] c.a.s.generador.GeneradorApplication     : Starting GeneradorApplication using Java 15.0.2 on ASW4622 with PID 18264 (C:\Users\smmorales\Documents\workspace\generador\target\classes started by smmorales in C:\Users\smmorales\Documents\workspace\generador)
2021-06-16 10:13:22.034  INFO 18264 --- [restartedMain] c.a.s.generador.GeneradorApplication     : No active profile set, falling back to default profiles: default
2021-06-16 10:13:22.304  INFO 18264 --- [restartedMain] .s.d.r.c.RepositoryConfigurationDelegate : Bootstrapping Spring Data JPA repositories in DEFAULT mode.
2021-06-16 10:13:22.322  INFO 18264 --- [restartedMain] .s.d.r.c.RepositoryConfigurationDelegate : Finished Spring Data repository scanning in 17 ms. Found 2 JPA repository interfaces.
2021-06-16 10:13:22.422  INFO 18264 --- [restartedMain] o.s.b.w.embedded.tomcat.TomcatWebServer  : Tomcat initialized with port(s): 9003 (http)
2021-06-16 10:13:22.422  INFO 18264 --- [restartedMain] o.apache.catalina.core.StandardService   : Starting service [Tomcat]
2021-06-16 10:13:22.422  INFO 18264 --- [restartedMain] org.apache.catalina.core.StandardEngine  : Starting Servlet engine: [Apache Tomcat/9.0.46]
2021-06-16 10:13:22.443  INFO 18264 --- [restartedMain] o.a.c.c.C.[Tomcat].[localhost].[/]       : Initializing Spring embedded WebApplicationContext
2021-06-16 10:13:22.443  INFO 18264 --- [restartedMain] w.s.c.ServletWebServerApplicationContext : Root WebApplicationContext: initialization completed in 401 ms
2021-06-16 10:13:22.469  INFO 18264 --- [restartedMain] com.zaxxer.hikari.HikariDataSource       : HikariPool-2 - Starting...
2021-06-16 10:13:22.472  INFO 18264 --- [restartedMain] com.zaxxer.hikari.HikariDataSource       : HikariPool-2 - Start completed.
2021-06-16 10:13:22.478  INFO 18264 --- [restartedMain] o.hibernate.jpa.internal.util.LogHelper  : HHH000204: Processing PersistenceUnitInfo [name: default]
2021-06-16 10:13:22.483  INFO 18264 --- [restartedMain] org.hibernate.dialect.Dialect            : HHH000400: Using dialect: org.hibernate.dialect.MySQL55Dialect
2021-06-16 10:13:22.514  INFO 18264 --- [restartedMain] o.h.e.t.j.p.i.JtaPlatformInitiator       : HHH000490: Using JtaPlatform implementation: [org.hibernate.engine.transaction.jta.platform.internal.NoJtaPlatform]
2021-06-16 10:13:22.514  INFO 18264 --- [restartedMain] j.LocalContainerEntityManagerFactoryBean : Initialized JPA EntityManagerFactory for persistence unit 'default'
2021-06-16 10:13:22.642  WARN 18264 --- [restartedMain] JpaBaseConfiguration$JpaWebConfiguration : spring.jpa.open-in-view is enabled by default. Therefore, database queries may be performed during view rendering. Explicitly configure spring.jpa.open-in-view to disable this warning
2021-06-16 10:13:22.750  INFO 18264 --- [restartedMain] o.s.b.d.a.OptionalLiveReloadServer       : LiveReload server is running on port 35729
2021-06-16 10:13:22.759  INFO 18264 --- [restartedMain] o.s.b.w.embedded.tomcat.TomcatWebServer  : Tomcat started on port(s): 9003 (http) with context path ''
2021-06-16 10:13:22.763  INFO 18264 --- [restartedMain] c.a.s.generador.GeneradorApplication     : Started GeneradorApplication in 0.843 seconds (JVM running for 283.03)
2021-06-16 10:13:22.764  INFO 18264 --- [restartedMain] o.s.b.a.ApplicationAvailabilityBean      : Application availability state LivenessState changed to CORRECT
2021-06-16 10:13:22.766  INFO 18264 --- [restartedMain] .ConditionEvaluationDeltaLoggingListener : Condition evaluation unchanged
2021-06-16 10:13:22.766  INFO 18264 --- [restartedMain] o.s.b.a.ApplicationAvailabilityBean      : Application availability state ReadinessState changed to ACCEPTING_TRAFFIC
2021-06-16 10:13:27.500  INFO 18264 --- [http-nio-9003-exec-2] o.a.c.c.C.[Tomcat].[localhost].[/]       : Initializing Spring DispatcherServlet 'dispatcherServlet'
2021-06-16 10:13:27.502  INFO 18264 --- [http-nio-9003-exec-2] o.s.web.servlet.DispatcherServlet        : Initializing Servlet 'dispatcherServlet'
2021-06-16 10:13:27.506  INFO 18264 --- [http-nio-9003-exec-2] o.s.web.servlet.DispatcherServlet        : Completed initialization in 2 ms
2021-06-16 10:13:36.556  INFO 18264 --- [Thread-9] o.s.b.a.ApplicationAvailabilityBean      : Application availability state ReadinessState changed from ACCEPTING_TRAFFIC to REFUSING_TRAFFIC
2021-06-16 10:13:36.602  INFO 18264 --- [Thread-9] j.LocalContainerEntityManagerFactoryBean : Closing JPA EntityManagerFactory for persistence unit 'default'
2021-06-16 10:13:36.603  INFO 18264 --- [Thread-9] com.zaxxer.hikari.HikariDataSource       : HikariPool-2 - Shutdown initiated...
2021-06-16 10:13:36.607  INFO 18264 --- [Thread-9] com.zaxxer.hikari.HikariDataSource       : HikariPool-2 - Shutdown completed.
2021-06-16 10:13:36.712  INFO 18264 --- [restartedMain] c.a.s.generador.GeneradorApplication     : Starting GeneradorApplication using Java 15.0.2 on ASW4622 with PID 18264 (C:\Users\smmorales\Documents\workspace\generador\target\classes started by smmorales in C:\Users\smmorales\Documents\workspace\generador)
2021-06-16 10:13:36.712  INFO 18264 --- [restartedMain] c.a.s.generador.GeneradorApplication     : No active profile set, falling back to default profiles: default
2021-06-16 10:13:36.894  INFO 18264 --- [restartedMain] .s.d.r.c.RepositoryConfigurationDelegate : Bootstrapping Spring Data JPA repositories in DEFAULT mode.
2021-06-16 10:13:36.910  INFO 18264 --- [restartedMain] .s.d.r.c.RepositoryConfigurationDelegate : Finished Spring Data repository scanning in 15 ms. Found 2 JPA repository interfaces.
2021-06-16 10:13:36.994  INFO 18264 --- [restartedMain] o.s.b.w.embedded.tomcat.TomcatWebServer  : Tomcat initialized with port(s): 9003 (http)
2021-06-16 10:13:36.995  INFO 18264 --- [restartedMain] o.apache.catalina.core.StandardService   : Starting service [Tomcat]
2021-06-16 10:13:36.995  INFO 18264 --- [restartedMain] org.apache.catalina.core.StandardEngine  : Starting Servlet engine: [Apache Tomcat/9.0.46]
2021-06-16 10:13:37.029  INFO 18264 --- [restartedMain] o.a.c.c.C.[Tomcat].[localhost].[/]       : Initializing Spring embedded WebApplicationContext
2021-06-16 10:13:37.030  INFO 18264 --- [restartedMain] w.s.c.ServletWebServerApplicationContext : Root WebApplicationContext: initialization completed in 315 ms
2021-06-16 10:13:37.053  INFO 18264 --- [restartedMain] com.zaxxer.hikari.HikariDataSource       : HikariPool-3 - Starting...
2021-06-16 10:13:37.056  INFO 18264 --- [restartedMain] com.zaxxer.hikari.HikariDataSource       : HikariPool-3 - Start completed.
2021-06-16 10:13:37.062  INFO 18264 --- [restartedMain] o.hibernate.jpa.internal.util.LogHelper  : HHH000204: Processing PersistenceUnitInfo [name: default]
2021-06-16 10:13:37.066  INFO 18264 --- [restartedMain] org.hibernate.dialect.Dialect            : HHH000400: Using dialect: org.hibernate.dialect.MySQL55Dialect
2021-06-16 10:13:37.094  INFO 18264 --- [restartedMain] o.h.e.t.j.p.i.JtaPlatformInitiator       : HHH000490: Using JtaPlatform implementation: [org.hibernate.engine.transaction.jta.platform.internal.NoJtaPlatform]
2021-06-16 10:13:37.095  INFO 18264 --- [restartedMain] j.LocalContainerEntityManagerFactoryBean : Initialized JPA EntityManagerFactory for persistence unit 'default'
2021-06-16 10:13:37.239  WARN 18264 --- [restartedMain] JpaBaseConfiguration$JpaWebConfiguration : spring.jpa.open-in-view is enabled by default. Therefore, database queries may be performed during view rendering. Explicitly configure spring.jpa.open-in-view to disable this warning
2021-06-16 10:13:37.320  INFO 18264 --- [restartedMain] o.s.b.d.a.OptionalLiveReloadServer       : LiveReload server is running on port 35729
2021-06-16 10:13:37.328  INFO 18264 --- [restartedMain] o.s.b.w.embedded.tomcat.TomcatWebServer  : Tomcat started on port(s): 9003 (http) with context path ''
2021-06-16 10:13:37.333  INFO 18264 --- [restartedMain] c.a.s.generador.GeneradorApplication     : Started GeneradorApplication in 0.654 seconds (JVM running for 297.599)
2021-06-16 10:13:37.333  INFO 18264 --- [restartedMain] o.s.b.a.ApplicationAvailabilityBean      : Application availability state LivenessState changed to CORRECT
2021-06-16 10:13:37.334  INFO 18264 --- [restartedMain] .ConditionEvaluationDeltaLoggingListener : Condition evaluation unchanged
2021-06-16 10:13:37.334  INFO 18264 --- [restartedMain] o.s.b.a.ApplicationAvailabilityBean      : Application availability state ReadinessState changed to ACCEPTING_TRAFFIC
2021-06-16 10:14:06.502  INFO 18264 --- [Thread-14] o.s.b.a.ApplicationAvailabilityBean      : Application availability state ReadinessState changed from ACCEPTING_TRAFFIC to REFUSING_TRAFFIC
2021-06-16 10:14:06.548  INFO 18264 --- [Thread-14] j.LocalContainerEntityManagerFactoryBean : Closing JPA EntityManagerFactory for persistence unit 'default'
2021-06-16 10:14:06.549  INFO 18264 --- [Thread-14] com.zaxxer.hikari.HikariDataSource       : HikariPool-3 - Shutdown initiated...
2021-06-16 10:14:06.568  INFO 18264 --- [Thread-14] com.zaxxer.hikari.HikariDataSource       : HikariPool-3 - Shutdown completed.
2021-06-16 10:14:06.737  INFO 18264 --- [restartedMain] c.a.s.generador.GeneradorApplication     : Starting GeneradorApplication using Java 15.0.2 on ASW4622 with PID 18264 (C:\Users\smmorales\Documents\workspace\generador\target\classes started by smmorales in C:\Users\smmorales\Documents\workspace\generador)
2021-06-16 10:14:06.737  INFO 18264 --- [restartedMain] c.a.s.generador.GeneradorApplication     : No active profile set, falling back to default profiles: default
2021-06-16 10:14:06.995  INFO 18264 --- [restartedMain] .s.d.r.c.RepositoryConfigurationDelegate : Bootstrapping Spring Data JPA repositories in DEFAULT mode.
2021-06-16 10:14:07.024  INFO 18264 --- [restartedMain] .s.d.r.c.RepositoryConfigurationDelegate : Finished Spring Data repository scanning in 28 ms. Found 2 JPA repository interfaces.
2021-06-16 10:14:07.100  INFO 18264 --- [restartedMain] o.s.b.w.embedded.tomcat.TomcatWebServer  : Tomcat initialized with port(s): 9003 (http)
2021-06-16 10:14:07.101  INFO 18264 --- [restartedMain] o.apache.catalina.core.StandardService   : Starting service [Tomcat]
2021-06-16 10:14:07.102  INFO 18264 --- [restartedMain] org.apache.catalina.core.StandardEngine  : Starting Servlet engine: [Apache Tomcat/9.0.46]
2021-06-16 10:14:07.123  INFO 18264 --- [restartedMain] o.a.c.c.C.[Tomcat].[localhost].[/]       : Initializing Spring embedded WebApplicationContext
2021-06-16 10:14:07.123  INFO 18264 --- [restartedMain] w.s.c.ServletWebServerApplicationContext : Root WebApplicationContext: initialization completed in 384 ms
2021-06-16 10:14:07.146  INFO 18264 --- [restartedMain] com.zaxxer.hikari.HikariDataSource       : HikariPool-4 - Starting...
2021-06-16 10:14:07.150  INFO 18264 --- [restartedMain] com.zaxxer.hikari.HikariDataSource       : HikariPool-4 - Start completed.
2021-06-16 10:14:07.155  INFO 18264 --- [restartedMain] o.hibernate.jpa.internal.util.LogHelper  : HHH000204: Processing PersistenceUnitInfo [name: default]
2021-06-16 10:14:07.160  INFO 18264 --- [restartedMain] org.hibernate.dialect.Dialect            : HHH000400: Using dialect: org.hibernate.dialect.MySQL55Dialect
2021-06-16 10:14:07.184  INFO 18264 --- [restartedMain] o.h.e.t.j.p.i.JtaPlatformInitiator       : HHH000490: Using JtaPlatform implementation: [org.hibernate.engine.transaction.jta.platform.internal.NoJtaPlatform]
2021-06-16 10:14:07.184  INFO 18264 --- [restartedMain] j.LocalContainerEntityManagerFactoryBean : Initialized JPA EntityManagerFactory for persistence unit 'default'
2021-06-16 10:14:07.361  WARN 18264 --- [restartedMain] JpaBaseConfiguration$JpaWebConfiguration : spring.jpa.open-in-view is enabled by default. Therefore, database queries may be performed during view rendering. Explicitly configure spring.jpa.open-in-view to disable this warning
2021-06-16 10:14:07.439  INFO 18264 --- [restartedMain] o.s.b.d.a.OptionalLiveReloadServer       : LiveReload server is running on port 35729
2021-06-16 10:14:07.448  INFO 18264 --- [restartedMain] o.s.b.w.embedded.tomcat.TomcatWebServer  : Tomcat started on port(s): 9003 (http) with context path ''
2021-06-16 10:14:07.453  INFO 18264 --- [restartedMain] c.a.s.generador.GeneradorApplication     : Started GeneradorApplication in 0.781 seconds (JVM running for 327.72)
2021-06-16 10:14:07.454  INFO 18264 --- [restartedMain] o.s.b.a.ApplicationAvailabilityBean      : Application availability state LivenessState changed to CORRECT
2021-06-16 10:14:07.455  INFO 18264 --- [restartedMain] .ConditionEvaluationDeltaLoggingListener : Condition evaluation unchanged
2021-06-16 10:14:07.456  INFO 18264 --- [restartedMain] o.s.b.a.ApplicationAvailabilityBean      : Application availability state ReadinessState changed to ACCEPTING_TRAFFIC
2021-06-16 10:14:12.366  INFO 18264 --- [http-nio-9003-exec-2] o.a.c.c.C.[Tomcat].[localhost].[/]       : Initializing Spring DispatcherServlet 'dispatcherServlet'
2021-06-16 10:14:12.366  INFO 18264 --- [http-nio-9003-exec-2] o.s.web.servlet.DispatcherServlet        : Initializing Servlet 'dispatcherServlet'
2021-06-16 10:14:12.367  INFO 18264 --- [http-nio-9003-exec-2] o.s.web.servlet.DispatcherServlet        : Completed initialization in 1 ms
2021-06-16 10:14:32.492  INFO 18264 --- [Thread-19] o.s.b.a.ApplicationAvailabilityBean      : Application availability state ReadinessState changed from ACCEPTING_TRAFFIC to REFUSING_TRAFFIC
2021-06-16 10:14:32.538  INFO 18264 --- [Thread-19] j.LocalContainerEntityManagerFactoryBean : Closing JPA EntityManagerFactory for persistence unit 'default'
2021-06-16 10:14:32.539  INFO 18264 --- [Thread-19] com.zaxxer.hikari.HikariDataSource       : HikariPool-4 - Shutdown initiated...
2021-06-16 10:14:32.542  INFO 18264 --- [Thread-19] com.zaxxer.hikari.HikariDataSource       : HikariPool-4 - Shutdown completed.
2021-06-16 10:14:32.634  INFO 18264 --- [restartedMain] c.a.s.generador.GeneradorApplication     : Starting GeneradorApplication using Java 15.0.2 on ASW4622 with PID 18264 (C:\Users\smmorales\Documents\workspace\generador\target\classes started by smmorales in C:\Users\smmorales\Documents\workspace\generador)
2021-06-16 10:14:32.634  INFO 18264 --- [restartedMain] c.a.s.generador.GeneradorApplication     : No active profile set, falling back to default profiles: default
2021-06-16 10:14:32.898  INFO 18264 --- [restartedMain] .s.d.r.c.RepositoryConfigurationDelegate : Bootstrapping Spring Data JPA repositories in DEFAULT mode.
2021-06-16 10:14:32.912  INFO 18264 --- [restartedMain] .s.d.r.c.RepositoryConfigurationDelegate : Finished Spring Data repository scanning in 14 ms. Found 2 JPA repository interfaces.
2021-06-16 10:14:32.975  INFO 18264 --- [restartedMain] o.s.b.w.embedded.tomcat.TomcatWebServer  : Tomcat initialized with port(s): 9003 (http)
2021-06-16 10:14:32.975  INFO 18264 --- [restartedMain] o.apache.catalina.core.StandardService   : Starting service [Tomcat]
2021-06-16 10:14:32.975  INFO 18264 --- [restartedMain] org.apache.catalina.core.StandardEngine  : Starting Servlet engine: [Apache Tomcat/9.0.46]
2021-06-16 10:14:32.994  INFO 18264 --- [restartedMain] o.a.c.c.C.[Tomcat].[localhost].[/]       : Initializing Spring embedded WebApplicationContext
2021-06-16 10:14:32.994  INFO 18264 --- [restartedMain] w.s.c.ServletWebServerApplicationContext : Root WebApplicationContext: initialization completed in 359 ms
2021-06-16 10:14:33.016  INFO 18264 --- [restartedMain] com.zaxxer.hikari.HikariDataSource       : HikariPool-5 - Starting...
2021-06-16 10:14:33.018  INFO 18264 --- [restartedMain] com.zaxxer.hikari.HikariDataSource       : HikariPool-5 - Start completed.
2021-06-16 10:14:33.023  INFO 18264 --- [restartedMain] o.hibernate.jpa.internal.util.LogHelper  : HHH000204: Processing PersistenceUnitInfo [name: default]
2021-06-16 10:14:33.028  INFO 18264 --- [restartedMain] org.hibernate.dialect.Dialect            : HHH000400: Using dialect: org.hibernate.dialect.MySQL55Dialect
2021-06-16 10:14:33.052  INFO 18264 --- [restartedMain] o.h.e.t.j.p.i.JtaPlatformInitiator       : HHH000490: Using JtaPlatform implementation: [org.hibernate.engine.transaction.jta.platform.internal.NoJtaPlatform]
2021-06-16 10:14:33.052  INFO 18264 --- [restartedMain] j.LocalContainerEntityManagerFactoryBean : Initialized JPA EntityManagerFactory for persistence unit 'default'
2021-06-16 10:14:33.132  WARN 18264 --- [restartedMain] JpaBaseConfiguration$JpaWebConfiguration : spring.jpa.open-in-view is enabled by default. Therefore, database queries may be performed during view rendering. Explicitly configure spring.jpa.open-in-view to disable this warning
2021-06-16 10:14:33.192  INFO 18264 --- [restartedMain] o.s.b.d.a.OptionalLiveReloadServer       : LiveReload server is running on port 35729
2021-06-16 10:14:33.200  INFO 18264 --- [restartedMain] o.s.b.w.embedded.tomcat.TomcatWebServer  : Tomcat started on port(s): 9003 (http) with context path ''
2021-06-16 10:14:33.204  INFO 18264 --- [restartedMain] c.a.s.generador.GeneradorApplication     : Started GeneradorApplication in 0.6 seconds (JVM running for 353.47)
2021-06-16 10:14:33.205  INFO 18264 --- [restartedMain] o.s.b.a.ApplicationAvailabilityBean      : Application availability state LivenessState changed to CORRECT
2021-06-16 10:14:33.206  INFO 18264 --- [restartedMain] .ConditionEvaluationDeltaLoggingListener : Condition evaluation unchanged
2021-06-16 10:14:33.207  INFO 18264 --- [restartedMain] o.s.b.a.ApplicationAvailabilityBean      : Application availability state ReadinessState changed to ACCEPTING_TRAFFIC
2021-06-16 10:15:22.668  INFO 18264 --- [RMI TCP Connection(23)-127.0.0.1] inMXBeanRegistrar$SpringApplicationAdmin : Application shutdown requested.
2021-06-16 10:15:22.669  INFO 18264 --- [RMI TCP Connection(23)-127.0.0.1] o.s.b.a.ApplicationAvailabilityBean      : Application availability state ReadinessState changed from ACCEPTING_TRAFFIC to REFUSING_TRAFFIC
